<?xml version="1.0" encoding="UTF-8"?>
<!-- Generated by org.testng.reporters.JUnitReportReporter -->
<testsuite hostname="C02DRRKMMD6M" failures="0" tests="3" name="com.smart.webUi.testcases.CardsPageTest" time="21.464" errors="0" timestamp="2023-03-07T02:19:11 IST" skipped="0">
  <testcase classname="com.smart.webUi.testcases.CardsPageTest" name="verifyCardTitile" time="11.132"/>
  <system-out/>
  <testcase classname="com.smart.webUi.testcases.CardsPageTest" name="verifyJoiningFee" time="2.056"/>
  <system-out/>
  <testcase classname="com.smart.webUi.testcases.CardsPageTest" name="verifyAnnualFee" time="8.276"/>
  <system-out/>
</testsuite> <!-- com.smart.webUi.testcases.CardsPageTest -->
