<?xml version="1.0" encoding="UTF-8"?>
<!-- Generated by org.testng.reporters.JUnitReportReporter -->
<testsuite hostname="C02DRRKMMD6M" failures="0" tests="3" name="com.smart.testcases.CardsPageTest" time="6.598" errors="0" timestamp="2023-03-04T16:18:09 IST" skipped="0">
  <testcase classname="com.smart.testcases.CardsPageTest" name="verifyCardTitile" time="2.418"/>
  <system-out/>
  <testcase classname="com.smart.testcases.CardsPageTest" name="verifyJoiningFee" time="2.086"/>
  <system-out/>
  <testcase classname="com.smart.testcases.CardsPageTest" name="verifyAnnualFee" time="2.094"/>
  <system-out/>
</testsuite> <!-- com.smart.testcases.CardsPageTest -->
